[32m[2024-11-14 11:21:49] INFO Mkdir Directory: /root/taichu/wangcluster
[0m[32m[2024-11-14 11:22:42] INFO 

[0m[32m[2024-11-14 11:22:42] INFO 

[0m[32m[2024-11-14 11:22:42] INFO 11:22:30 CST [GreetingsModule] Greetings

[0m[32m[2024-11-14 11:22:42] INFO  _   __      _          _   __           

[0m[32m[2024-11-14 11:22:42] INFO | | / /     | |        | | / /           

[0m[32m[2024-11-14 11:22:42] INFO | |/ / _   _| |__   ___| |/ /  ___ _   _ 

[0m[32m[2024-11-14 11:22:42] INFO |    \| | | | '_ \ / _ \    \ / _ \ | | |

[0m[32m[2024-11-14 11:22:42] INFO | |\  \ |_| | |_) |  __/ |\  \  __/ |_| |

[0m[32m[2024-11-14 11:22:42] INFO \_| \_/\__,_|_.__/ \___\_| \_/\___|\__, |

[0m[32m[2024-11-14 11:22:42] INFO                                     __/ |

[0m[32m[2024-11-14 11:22:42] INFO                                    |___/

[0m[32m[2024-11-14 11:22:42] INFO 

[0m[32m[2024-11-14 11:22:43] INFO 11:22:30 CST message: [node2]

[0m[32m[2024-11-14 11:22:43] INFO Greetings, KubeKey!

[0m[32m[2024-11-14 11:22:43] INFO 11:22:31 CST message: [node1]

[0m[32m[2024-11-14 11:22:43] INFO Greetings, KubeKey!

[0m[32m[2024-11-14 11:22:43] INFO 11:22:31 CST success: [node2]

[0m[32m[2024-11-14 11:22:43] INFO 11:22:31 CST success: [node1]

[0m[32m[2024-11-14 11:22:43] INFO 11:22:31 CST [NodePreCheckModule] A pre-check on nodes

[0m[32m[2024-11-14 11:22:51] INFO 11:22:38 CST success: [node2]

[0m[32m[2024-11-14 11:22:51] INFO 11:22:38 CST success: [node1]

[0m[32m[2024-11-14 11:22:51] INFO +-------+------+------+---------+----------+-------+-------+---------+-----------+--------+---------+------------+------------+-------------+------------------+--------------+

[0m[32m[2024-11-14 11:22:51] INFO 11:22:38 CST [ConfirmModule] Display confirmation form

[0m[31m[2024-11-14 11:22:51] ERROR SSH command execution failed: Process exited with status 1
[0m[32m[2024-11-14 11:22:51] INFO | name  | sudo | curl | openssl | ebtables | socat | ipset | ipvsadm | conntrack | chrony | docker  | containerd | nfs client | ceph client | glusterfs client | time         |

[0m[32m[2024-11-14 11:22:51] INFO 11:22:38 CST success: [LocalHost]

[0m[32m[2024-11-14 11:22:51] INFO +-------+------+------+---------+----------+-------+-------+---------+-----------+--------+---------+------------+------------+-------------+------------------+--------------+

[0m[31m[2024-11-14 11:22:51] ERROR Pipeline Done

[0m[31m[2024-11-14 13:47:32] ERROR Failed to create cluster wangcluster: Process exited with status 1
[0m[32m[2024-11-14 13:47:32] INFO 11:22:38 CST [UnArchiveArtifactModule] Check the KubeKey artifact md5 value

[0m[32m[2024-11-14 13:47:32] INFO Method: GET | Path: /api/ws/v1/cluster/create | Status: 200 | Duration: 2h26m0.1309434s | IP: 127.0.0.1

[0m[32m[2024-11-14 13:47:32] INFO | node1 | y    | y    | y       | y        | y     | y     | y       | y         | y      | 20.10.8 | v1.6.4     | y          | y           | y                | CST 11:22:38 |

[0m[32m[2024-11-14 13:47:32] INFO {{0 2024-11-14 11:21:32.6890986 +0800 CST m=+3.245751801 0001-01-01 00:00:00 +0000 UTC {0001-01-01 00:00:00 +0000 UTC false}} example_user 1731563252 /api/ws/v1/cluster/create /api/ws/v1/cluster/create example_module GET No description available for this endpoint.}
[0m[32m[2024-11-14 13:47:32] INFO 11:22:38 CST success: [LocalHost]

[0m[32m[2024-11-14 13:47:32] INFO | node2 | y    | y    | y       | y        |       | y     |         |           | y      |         |            | y          |             |                  | CST 11:22:32 |

[0m[32m[2024-11-14 13:47:32] INFO 11:22:38 CST [UnArchiveArtifactModule] UnArchive the KubeKey artifact

[0m[32m[2024-11-14 13:47:32] INFO +-------+------+------+---------+----------+-------+-------+---------+-----------+--------+---------+------------+------------+-------------+------------------+--------------+

[0m[32m[2024-11-14 13:47:32] INFO 11:22:38 CST message: [LocalHost]

[0m[32m[2024-11-14 13:47:32] INFO 

[0m[32m[2024-11-14 13:47:32] INFO unArchive /root/taichu-uos-20240807.tar.gz failed: open /root/taichu-uos-20240807.tar.gz: no such file or directory

[0m[32m[2024-11-14 13:47:32] INFO This is a simple check of your environment.

[0m[32m[2024-11-14 13:47:32] INFO 11:22:38 CST failed: [LocalHost]

[0m[32m[2024-11-14 13:47:32] INFO Before installation, ensure that your machines meet all requirements specified at

[0m[32m[2024-11-14 13:47:32] INFO error: Pipeline[CreateClusterPipeline] execute failed: Module[UnArchiveArtifactModule] exec failed: 

[0m[32m[2024-11-14 13:47:32] INFO https://github.com/kubesphere/kubekey#requirements-and-recommendations

[0m[32m[2024-11-14 13:47:32] INFO failed: [LocalHost] [UnArchiveArtifact] exec failed after 1 retires: unArchive /root/taichu-uos-20240807.tar.gz failed: open /root/taichu-uos-20240807.tar.gz: no such file or directory

[0m[32m[2024-11-14 13:47:32] INFO 

[0m