[32m[2024-11-27 15:11:28] INFO Bucket etcd already exists
[0m[32m[2024-11-27 15:11:28] INFO Successfully to download file data/wangzhendong/etcd-backup-20241127145804.db to c:/tmp/etcd-backup-20241127145804.db
[0m[32m[2024-11-27 15:11:28] INFO Download backup file: c:/tmp/etcd-backup-20241127145804.db
[0m[32m[2024-11-27 15:11:28] INFO Successfully to upload file c:/tmp/etcd-backup-20241127145804.db to /data/wangzhendong/etcd-backup-20241127145804.db
[0m[32m[2024-11-27 15:11:29] INFO Kube-apiserver stopped: node2
[0m[32m[2024-11-27 15:11:30] INFO Successfully stopped etcd: node2
[0m[32m[2024-11-27 15:11:30] INFO Create directory /data/wangzhendong/etcd-20241127151130
[0m[32m[2024-11-27 15:11:30] INFO Backup /var/lib/etcd to /data/wangzhendong/etcd-20241127151130 success
[0m[32m[2024-11-27 15:11:31] INFO Bucket etcd already exists
[0m[32m[2024-11-27 15:11:31] INFO Successfully to download file data/wangzhendong/etcd-backup-20241127145804.db to c:/tmp/etcd-backup-20241127145804.db
[0m[32m[2024-11-27 15:11:31] INFO Download backup file: c:/tmp/etcd-backup-20241127145804.db
[0m[32m[2024-11-27 15:11:31] INFO Successfully to upload file c:/tmp/etcd-backup-20241127145804.db to /data/wangzhendong/etcd-backup-20241127145804.db
[0m[32m[2024-11-27 15:11:32] INFO Kube-apiserver stopped: node3
[0m[32m[2024-11-27 15:11:33] INFO Successfully stopped etcd: node3
[0m[32m[2024-11-27 15:11:33] INFO Create directory /data/wangzhendong/etcd-20241127151133
[0m[32m[2024-11-27 15:11:33] INFO Backup /var/lib/etcd to /data/wangzhendong/etcd-20241127151133 success
[0m[32m[2024-11-27 15:11:34] INFO Bucket etcd already exists
[0m[32m[2024-11-27 15:11:34] INFO Successfully to download file data/wangzhendong/etcd-backup-20241127145804.db to c:/tmp/etcd-backup-20241127145804.db
[0m[32m[2024-11-27 15:11:34] INFO Download backup file: c:/tmp/etcd-backup-20241127145804.db
[0m[32m[2024-11-27 15:11:34] INFO Successfully to upload file c:/tmp/etcd-backup-20241127145804.db to /data/wangzhendong/etcd-backup-20241127145804.db
[0m[32m[2024-11-27 15:11:35] INFO Kube-apiserver stopped: node4
[0m[32m[2024-11-27 15:11:35] INFO Successfully stopped etcd: node4
[0m[32m[2024-11-27 15:11:35] INFO Create directory /data/wangzhendong/etcd-20241127151135
[0m[32m[2024-11-27 15:11:35] INFO Backup /var/lib/etcd to /data/wangzhendong/etcd-20241127151135 success
[0m[32m[2024-11-27 15:11:35] INFO ETCD_NAME:etcd-node2
[0m[32m[2024-11-27 15:11:35] INFO Successfully to restore snapshot node2: /data/wangzhendong/etcd-backup-20241127145804.db
[0m[32m[2024-11-27 15:11:36] INFO ETCD_NAME:etcd-node3
[0m[32m[2024-11-27 15:11:36] INFO Successfully to restore snapshot node3: /data/wangzhendong/etcd-backup-20241127145804.db
[0m[32m[2024-11-27 15:11:36] INFO ETCD_NAME:etcd-node4
[0m[32m[2024-11-27 15:11:36] INFO Successfully to restore snapshot node4: /data/wangzhendong/etcd-backup-20241127145804.db
[0m[31m[2024-11-27 15:13:06] ERROR Failed to execute command: Process exited with status 1, Job for etcd.service failed because a timeout was exceeded.
See "systemctl status etcd.service" and "journalctl -xe" for details.

[0m[31m[2024-11-27 15:13:06] ERROR Failed to start etcd: Process exited with status 1
[0m[31m[2024-11-27 15:13:06] ERROR Failed to start etcd: Process exited with status 1
[0m[31m[2024-11-27 15:13:06] ERROR Failed to start etcd node2: Failed to start etcd: Process exited with status 1
[0m[31m[2024-11-27 15:13:06] ERROR Failed to start kube-apiserver: Failed to start etcd node2: Failed to start etcd: Process exited with status 1
[0m