[32m[2024-11-27 14:38:17] INFO Bucket etcd already exists
[0m[32m[2024-11-27 14:38:17] INFO Successfully to download file data/wangzhendong/etcd-backup-1732083472.db to c:/tmp/etcd-backup-1732083472.db
[0m[32m[2024-11-27 14:38:17] INFO Download backup file: c:/tmp/etcd-backup-1732083472.db
[0m[32m[2024-11-27 14:38:18] INFO Successfully to upload file c:/tmp/etcd-backup-1732083472.db to /data/wangzhendong/etcd-backup-1732083472.db
[0m[32m[2024-11-27 14:38:18] INFO Kube-apiserver stopped: %snode2
[0m[32m[2024-11-27 14:38:18] INFO Successfully stopped etcd: node2
[0m[32m[2024-11-27 14:38:18] INFO Create directory /data/wangzhendong/etcd-20241127143818
[0m[32m[2024-11-27 14:38:18] INFO Backup /var/lib/etcd to /data/wangzhendong/etcd-20241127143818 success
[0m[32m[2024-11-27 14:38:19] INFO Create directory: node3 /data/wangzhendong
[0m[32m[2024-11-27 14:38:19] INFO Bucket etcd already exists
[0m[32m[2024-11-27 14:38:19] INFO Successfully to download file data/wangzhendong/etcd-backup-1732083472.db to c:/tmp/etcd-backup-1732083472.db
[0m[32m[2024-11-27 14:38:19] INFO Download backup file: c:/tmp/etcd-backup-1732083472.db
[0m[32m[2024-11-27 14:38:20] INFO Successfully to upload file c:/tmp/etcd-backup-1732083472.db to /data/wangzhendong/etcd-backup-1732083472.db
[0m[32m[2024-11-27 14:38:20] INFO Kube-apiserver stopped: %snode3
[0m[32m[2024-11-27 14:38:21] INFO Successfully stopped etcd: node3
[0m[32m[2024-11-27 14:38:21] INFO Create directory /data/wangzhendong/etcd-20241127143821
[0m[32m[2024-11-27 14:38:22] INFO Backup /var/lib/etcd to /data/wangzhendong/etcd-20241127143821 success
[0m[32m[2024-11-27 14:38:31] INFO Create directory: node4 /data/wangzhendong
[0m[32m[2024-11-27 14:38:31] INFO Bucket etcd already exists
[0m[32m[2024-11-27 14:38:31] INFO Successfully to download file data/wangzhendong/etcd-backup-1732083472.db to c:/tmp/etcd-backup-1732083472.db
[0m[32m[2024-11-27 14:38:31] INFO Download backup file: c:/tmp/etcd-backup-1732083472.db
[0m[32m[2024-11-27 14:38:31] INFO Successfully to upload file c:/tmp/etcd-backup-1732083472.db to /data/wangzhendong/etcd-backup-1732083472.db
[0m[32m[2024-11-27 14:38:31] INFO Kube-apiserver stopped: %snode4
[0m[32m[2024-11-27 14:38:32] INFO Successfully stopped etcd: node4
[0m[32m[2024-11-27 14:38:32] INFO Create directory /data/wangzhendong/etcd-20241127143832
[0m[32m[2024-11-27 14:38:32] INFO Backup /var/lib/etcd to /data/wangzhendong/etcd-20241127143832 success
[0m[32m[2024-11-27 14:38:32] INFO ETCD_NAME:etcd-node2
[0m[32m[2024-11-27 14:38:32] INFO Successfully to restore snapshot node2: /data/wangzhendong/etcd-backup-1732083472.db
[0m[32m[2024-11-27 14:38:32] INFO ETCD_NAME:etcd-node3
[0m[32m[2024-11-27 14:38:32] INFO Successfully to restore snapshot node3: /data/wangzhendong/etcd-backup-1732083472.db
[0m[32m[2024-11-27 14:38:33] INFO ETCD_NAME:etcd-node4
[0m[32m[2024-11-27 14:38:33] INFO Successfully to restore snapshot node4: /data/wangzhendong/etcd-backup-1732083472.db
[0m[31m[2024-11-27 14:40:03] ERROR Failed to execute command: Process exited with status 1, Job for etcd.service failed because a timeout was exceeded.
See "systemctl status etcd.service" and "journalctl -xe" for details.

[0m[31m[2024-11-27 14:40:03] ERROR Failed to start etcd: Process exited with status 1
[0m[31m[2024-11-27 14:40:03] ERROR Failed to start etcd: Process exited with status 1
[0m[31m[2024-11-27 14:40:03] ERROR Failed to start etcd node2: Failed to start etcd: Process exited with status 1
[0m[31m[2024-11-27 14:40:03] ERROR Failed to start kube-apiserver: Failed to start etcd node2: Failed to start etcd: Process exited with status 1
[0m