[32m[2024-11-21 09:45:25] INFO Kube-apiserver stopped
[0m[32m[2024-11-21 09:45:26] INFO Bucket etcd already exists
[0m[32m[2024-11-21 09:45:26] INFO Successfully to download file data/wangzhendong/etcd-backup-1732083472.db to c:/tmp/etcd-backup-1732083472.db
[0m[32m[2024-11-21 09:45:26] INFO Download backup file: c:/tmp/etcd-backup-1732083472.db
[0m[32m[2024-11-21 09:45:26] INFO Successfully to upload file c:/tmp/etcd-backup-1732083472.db to /data/wangzhendong/etcd-backup-1732083472.db
[0m[32m[2024-11-21 09:45:26] INFO Successfully stopped etcd
[0m[32m[2024-11-21 09:45:26] INFO Create directory /data/wangzhendong/etcd-20241121094526
[0m[32m[2024-11-21 09:45:26] INFO Backup /var/lib/etcd to /data/wangzhendong/etcd-20241121094526 success
[0m[32m[2024-11-21 09:45:26] INFO ETCD_NAME:etcd-node2
[0m[32m[2024-11-21 09:45:27] INFO Successfully to restore snapshot: /data/wangzhendong/etcd-backup-1732083472.db
[0m[32m[2024-11-21 09:45:30] INFO Successfully start etcd
[0m[32m[2024-11-21 09:45:30] INFO Restore etcd successfully
[0m[32m[2024-11-21 09:45:31] INFO Successfully start kube-apiserver.
[0m[31m[2024-11-21 09:45:31] ERROR Failed to execute command: Process exited with status 1, The connection to the server lb.cars.local:6443 was refused - did you specify the right host or port?

[0m[31m[2024-11-21 09:45:31] ERROR Error checking node kylin2 status: Process exited with status 1
[0m[31m[2024-11-21 09:45:33] ERROR Failed to execute command: Process exited with status 1, The connection to the server lb.cars.local:6443 was refused - did you specify the right host or port?

[0m[31m[2024-11-21 09:45:33] ERROR Timeout while checking node kylin2 status: Process exited with status 1
[0m[31m[2024-11-21 09:45:33] ERROR Error checking node kylin2 status: Timeout while checking node kylin2 status: Process exited with status 1
[0m[31m[2024-11-21 09:45:33] ERROR Failed to start kube-apiserver: Error checking node kylin2 status: Timeout while checking node kylin2 status: Process exited with status 1
[0m