[32m[2024-11-14 13:48:07] INFO Mkdir Directory: /root/taichu/wangcluster
[0m[32m[2024-11-14 13:48:49] INFO 

[0m[32m[2024-11-14 13:48:49] INFO 

[0m[32m[2024-11-14 13:48:49] INFO 13:48:36 CST [GreetingsModule] Greetings

[0m[32m[2024-11-14 13:48:49] INFO  _   __      _          _   __           

[0m[32m[2024-11-14 13:48:49] INFO | | / /     | |        | | / /           

[0m[32m[2024-11-14 13:48:49] INFO | |/ / _   _| |__   ___| |/ /  ___ _   _ 

[0m[32m[2024-11-14 13:48:49] INFO |    \| | | | '_ \ / _ \    \ / _ \ | | |

[0m[32m[2024-11-14 13:48:49] INFO | |\  \ |_| | |_) |  __/ |\  \  __/ |_| |

[0m[32m[2024-11-14 13:48:49] INFO \_| \_/\__,_|_.__/ \___\_| \_/\___|\__, |

[0m[32m[2024-11-14 13:48:49] INFO                                     __/ |

[0m[32m[2024-11-14 13:48:49] INFO                                    |___/

[0m[32m[2024-11-14 13:48:49] INFO 

[0m[32m[2024-11-14 13:48:50] INFO 13:48:37 CST message: [node2]

[0m[32m[2024-11-14 13:48:50] INFO Greetings, KubeKey!

[0m[32m[2024-11-14 13:48:50] INFO 13:48:37 CST message: [node1]

[0m[32m[2024-11-14 13:48:50] INFO Greetings, KubeKey!

[0m[32m[2024-11-14 13:48:50] INFO 13:48:37 CST success: [node2]

[0m[32m[2024-11-14 13:48:50] INFO 13:48:37 CST success: [node1]

[0m[32m[2024-11-14 13:48:50] INFO 13:48:37 CST [NodePreCheckModule] A pre-check on nodes

[0m[32m[2024-11-14 13:48:57] INFO 13:48:44 CST success: [node2]

[0m[32m[2024-11-14 13:48:57] INFO 13:48:44 CST success: [node1]

[0m[32m[2024-11-14 13:48:57] INFO +-------+------+------+---------+----------+-------+-------+---------+-----------+--------+---------+------------+------------+-------------+------------------+--------------+

[0m[32m[2024-11-14 13:48:57] INFO 13:48:44 CST [ConfirmModule] Display confirmation form

[0m[32m[2024-11-14 13:48:57] INFO | name  | sudo | curl | openssl | ebtables | socat | ipset | ipvsadm | conntrack | chrony | docker  | containerd | nfs client | ceph client | glusterfs client | time         |

[0m[32m[2024-11-14 13:48:57] INFO 13:48:44 CST success: [LocalHost]

[0m[32m[2024-11-14 13:48:57] INFO +-------+------+------+---------+----------+-------+-------+---------+-----------+--------+---------+------------+------------+-------------+------------------+--------------+

[0m[31m[2024-11-14 13:48:57] ERROR SSH command execution failed: Process exited with status 1
[0m[32m[2024-11-14 13:48:57] INFO 13:48:44 CST [UnArchiveArtifactModule] Check the KubeKey artifact md5 value

[0m[32m[2024-11-14 13:48:57] INFO | node2 | y    | y    | y       | y        | y     | y     |         | y         | y      |         |            | y          |             |                  | CST 13:48:39 |

[0m[32m[2024-11-14 13:48:57] INFO 13:48:44 CST success: [LocalHost]

[0m[31m[2024-11-14 13:48:57] ERROR Pipeline Done

[0m[31m[2024-11-14 13:49:11] ERROR Failed to create cluster wangcluster: Process exited with status 1
[0m[32m[2024-11-14 13:49:11] INFO | node1 | y    | y    | y       | y        | y     | y     | y       | y         | y      | 20.10.8 | v1.6.4     | y          | y           | y                | CST 13:48:44 |

[0m[32m[2024-11-14 13:50:10] INFO Method: GET | Path: /api/ws/v1/cluster/create | Status: 200 | Duration: 2m26.3450108s | IP: 127.0.0.1

[0m[32m[2024-11-14 13:50:10] INFO 13:48:44 CST [UnArchiveArtifactModule] UnArchive the KubeKey artifact

[0m[32m[2024-11-14 13:50:10] INFO {{0 2024-11-14 13:47:43.807149 +0800 CST m=+5.441750101 0001-01-01 00:00:00 +0000 UTC {0001-01-01 00:00:00 +0000 UTC false}} example_user 1731563410 /api/ws/v1/cluster/create /api/ws/v1/cluster/create example_module GET No description available for this endpoint.}
[0m[32m[2024-11-14 13:50:10] INFO +-------+------+------+---------+----------+-------+-------+---------+-----------+--------+---------+------------+------------+-------------+------------------+--------------+

[0m[32m[2024-11-14 13:50:10] INFO 13:48:44 CST message: [LocalHost]

[0m[32m[2024-11-14 13:50:10] INFO 

[0m[32m[2024-11-14 13:50:10] INFO unArchive /root/taichu-uos-20240807.tar.gz failed: open /root/taichu-uos-20240807.tar.gz: no such file or directory

[0m[32m[2024-11-14 13:50:10] INFO This is a simple check of your environment.

[0m[32m[2024-11-14 13:50:10] INFO 13:48:44 CST failed: [LocalHost]

[0m[32m[2024-11-14 13:50:10] INFO Before installation, ensure that your machines meet all requirements specified at

[0m[32m[2024-11-14 13:50:10] INFO error: Pipeline[CreateClusterPipeline] execute failed: Module[UnArchiveArtifactModule] exec failed: 

[0m[32m[2024-11-14 13:50:10] INFO https://github.com/kubesphere/kubekey#requirements-and-recommendations

[0m[32m[2024-11-14 13:50:10] INFO failed: [LocalHost] [UnArchiveArtifact] exec failed after 1 retires: unArchive /root/taichu-uos-20240807.tar.gz failed: open /root/taichu-uos-20240807.tar.gz: no such file or directory

[0m[32m[2024-11-14 13:50:10] INFO 

[0m