[32m[2024-08-21 15:17:17] INFO 
[0m[32m[2024-08-21 15:18:16] INFO 

[0m[32m[2024-08-21 15:18:16] INFO 

[0m[31m[2024-08-21 15:18:16] ERROR 15:17:59 CST [GreetingsModule] Greetings

[0m[32m[2024-08-21 15:18:16] INFO  _   __      _          _   __           

[0m[32m[2024-08-21 15:18:16] INFO | | / /     | |        | | / /           

[0m[32m[2024-08-21 15:18:16] INFO | |/ / _   _| |__   ___| |/ /  ___ _   _ 

[0m[32m[2024-08-21 15:18:16] INFO |    \| | | | '_ \ / _ \    \ / _ \ | | |

[0m[32m[2024-08-21 15:18:16] INFO | |\  \ |_| | |_) |  __/ |\  \  __/ |_| |

[0m[32m[2024-08-21 15:18:16] INFO \_| \_/\__,_|_.__/ \___\_| \_/\___|\__, |

[0m[32m[2024-08-21 15:18:16] INFO                                     __/ |

[0m[32m[2024-08-21 15:18:16] INFO                                    |___/

[0m[32m[2024-08-21 15:18:16] INFO 

[0m[31m[2024-08-21 15:18:17] ERROR 15:18:00 CST message: [node1]

[0m[31m[2024-08-21 15:18:17] ERROR Greetings, KubeKey!

[0m[31m[2024-08-21 15:18:17] ERROR 15:18:00 CST message: [registry]

[0m[31m[2024-08-21 15:18:17] ERROR Greetings, KubeKey!

[0m[31m[2024-08-21 15:18:17] ERROR 15:18:00 CST success: [node1]

[0m[31m[2024-08-21 15:18:17] ERROR 15:18:00 CST success: [registry]

[0m[31m[2024-08-21 15:18:17] ERROR 15:18:00 CST [NodePreCheckModule] A pre-check on nodes

[0m[31m[2024-08-21 15:18:20] ERROR 15:18:03 CST success: [registry]

[0m[31m[2024-08-21 15:18:20] ERROR 15:18:03 CST success: [node1]

[0m[32m[2024-08-21 15:18:20] INFO +----------+------+------+---------+----------+-------+-------+---------+-----------+--------+---------+------------+------------+-------------+------------------+--------------+

[0m[31m[2024-08-21 15:18:20] ERROR 15:18:03 CST [ConfirmModule] Display confirmation form

[0m[32m[2024-08-21 15:18:20] INFO | name     | sudo | curl | openssl | ebtables | socat | ipset | ipvsadm | conntrack | chrony | docker  | containerd | nfs client | ceph client | glusterfs client | time         |

[0m[31m[2024-08-21 15:18:20] ERROR 15:18:03 CST success: [LocalHost]

[0m[32m[2024-08-21 15:18:20] INFO +----------+------+------+---------+----------+-------+-------+---------+-----------+--------+---------+------------+------------+-------------+------------------+--------------+

[0m[31m[2024-08-21 15:18:20] ERROR 15:18:03 CST [UnArchiveArtifactModule] Check the KubeKey artifact md5 value

[0m[32m[2024-08-21 15:18:20] INFO | registry | y    | y    | y       | y        | y     | y     | y       | y         | y      | 20.10.8 | v1.4.9     | y          |             |                  | CST 15:18:03 |

[0m[32m[2024-08-21 15:18:20] INFO | node1    | y    | y    | y       | y        | y     | y     | y       | y         | y      |         | v1.6.4     | y          |             |                  | CST 15:18:03 |

[0m[32m[2024-08-21 15:18:20] INFO +----------+------+------+---------+----------+-------+-------+---------+-----------+--------+---------+------------+------------+-------------+------------------+--------------+

[0m[32m[2024-08-21 15:18:20] INFO 

[0m[32m[2024-08-21 15:18:20] INFO This is a simple check of your environment.

[0m[32m[2024-08-21 15:18:20] INFO Before installation, ensure that your machines meet all requirements specified at

[0m[32m[2024-08-21 15:18:20] INFO https://github.com/kubesphere/kubekey#requirements-and-recommendations

[0m[32m[2024-08-21 15:18:20] INFO 

[0m