[32m[2024-11-18 16:13:48] INFO Mkdir Directory: /root/taichu/wangcluster
[0m[32m[2024-11-18 16:14:21] INFO 

[0m[32m[2024-11-18 16:14:21] INFO 

[0m[32m[2024-11-18 16:14:21] INFO 16:14:18 CST [GreetingsModule] Greetings

[0m[32m[2024-11-18 16:14:21] INFO  _   __      _          _   __           

[0m[32m[2024-11-18 16:14:21] INFO | | / /     | |        | | / /           

[0m[32m[2024-11-18 16:14:21] INFO | |/ / _   _| |__   ___| |/ /  ___ _   _ 

[0m[32m[2024-11-18 16:14:21] INFO |    \| | | | '_ \ / _ \    \ / _ \ | | |

[0m[32m[2024-11-18 16:14:21] INFO | |\  \ |_| | |_) |  __/ |\  \  __/ |_| |

[0m[32m[2024-11-18 16:14:21] INFO \_| \_/\__,_|_.__/ \___\_| \_/\___|\__, |

[0m[32m[2024-11-18 16:14:21] INFO                                     __/ |

[0m[32m[2024-11-18 16:14:21] INFO                                    |___/

[0m[32m[2024-11-18 16:14:21] INFO 

[0m[32m[2024-11-18 16:14:22] INFO 16:14:19 CST message: [node2]

[0m[32m[2024-11-18 16:14:22] INFO Greetings, KubeKey!

[0m[32m[2024-11-18 16:14:22] INFO 16:14:19 CST message: [node1]

[0m[32m[2024-11-18 16:14:22] INFO Greetings, KubeKey!

[0m[32m[2024-11-18 16:14:22] INFO 16:14:19 CST success: [node2]

[0m[32m[2024-11-18 16:14:22] INFO 16:14:19 CST success: [node1]

[0m[32m[2024-11-18 16:14:22] INFO 16:14:19 CST [NodePreCheckModule] A pre-check on nodes

[0m[32m[2024-11-18 16:14:31] INFO 16:14:28 CST success: [node2]

[0m[32m[2024-11-18 16:14:31] INFO 16:14:28 CST success: [node1]

[0m[32m[2024-11-18 16:14:31] INFO +-------+------+------+---------+----------+-------+-------+---------+-----------+--------+---------+------------+------------+-------------+------------------+--------------+

[0m[32m[2024-11-18 16:14:31] INFO 16:14:28 CST [ConfirmModule] Display confirmation form

[0m[32m[2024-11-18 16:14:31] INFO | name  | sudo | curl | openssl | ebtables | socat | ipset | ipvsadm | conntrack | chrony | docker  | containerd | nfs client | ceph client | glusterfs client | time         |

[0m[32m[2024-11-18 16:14:31] INFO 16:14:28 CST success: [LocalHost]

[0m[32m[2024-11-18 16:14:31] INFO +-------+------+------+---------+----------+-------+-------+---------+-----------+--------+---------+------------+------------+-------------+------------------+--------------+

[0m[32m[2024-11-18 16:14:31] INFO 16:14:28 CST [UnArchiveArtifactModule] Check the KubeKey artifact md5 value

[0m[32m[2024-11-18 16:14:31] INFO | node2 | y    | y    | y       | y        | y     | y     |         | y         | y      |         |            | y          |             |                  | CST 16:14:21 |

[0m[32m[2024-11-18 16:14:31] INFO | node1 | y    | y    | y       | y        | y     | y     | y       | y         | y      | 20.10.8 | v1.6.4     | y          | y           | y                | CST 16:14:28 |

[0m[32m[2024-11-18 16:14:31] INFO +-------+------+------+---------+----------+-------+-------+---------+-----------+--------+---------+------------+------------+-------------+------------------+--------------+

[0m[32m[2024-11-18 16:14:31] INFO 

[0m[32m[2024-11-18 16:14:31] INFO This is a simple check of your environment.

[0m[32m[2024-11-18 16:14:31] INFO Before installation, ensure that your machines meet all requirements specified at

[0m[32m[2024-11-18 16:14:31] INFO https://github.com/kubesphere/kubekey#requirements-and-recommendations

[0m[32m[2024-11-18 16:14:31] INFO 

[0m[32m[2024-11-18 16:15:10] INFO 16:15:07 CST success: [LocalHost]

[0m[32m[2024-11-18 16:15:10] INFO 16:15:07 CST [UnArchiveArtifactModule] UnArchive the KubeKey artifact

[0m[32m[2024-11-18 16:15:10] INFO 16:15:07 CST skipped: [LocalHost]

[0m[32m[2024-11-18 16:15:10] INFO 16:15:07 CST [UnArchiveArtifactModule] Create the KubeKey artifact Md5 file

[0m[32m[2024-11-18 16:15:10] INFO 16:15:07 CST skipped: [LocalHost]

[0m[32m[2024-11-18 16:15:10] INFO 16:15:07 CST [RepositoryModule] Get OS release

[0m[32m[2024-11-18 16:15:11] INFO 16:15:07 CST success: [node2]

[0m[32m[2024-11-18 16:15:11] INFO 16:15:07 CST success: [node1]

[0m[32m[2024-11-18 16:15:11] INFO 16:15:07 CST [RepositoryModule] Sync repository iso file to all nodes

[0m[32m[2024-11-18 16:15:11] INFO 16:15:08 CST message: [node2]

[0m[32m[2024-11-18 16:15:11] INFO scp /root/kubekey/repository/amd64/kylin/V10/kylin-V10-amd64.iso to /tmp/kubekey/kylin-V10-amd64.iso failed: get file stat failed: stat /root/kubekey/repository/amd64/kylin/V10/kylin-V10-amd64.iso: no such file or directory

[0m[32m[2024-11-18 16:15:11] INFO 16:15:08 CST retry: [node2]

[0m[32m[2024-11-18 16:15:12] INFO 16:15:09 CST message: [node1]

[0m[32m[2024-11-18 16:15:12] INFO scp /root/kubekey/repository/amd64/kylin/V10/kylin-V10-amd64.iso to /tmp/kubekey/kylin-V10-amd64.iso failed: get file stat failed: stat /root/kubekey/repository/amd64/kylin/V10/kylin-V10-amd64.iso: no such file or directory

[0m[32m[2024-11-18 16:15:12] INFO 16:15:09 CST retry: [node1]

[0m[32m[2024-11-18 16:15:16] INFO 16:15:13 CST message: [node2]

[0m[32m[2024-11-18 16:15:16] INFO scp /root/kubekey/repository/amd64/kylin/V10/kylin-V10-amd64.iso to /tmp/kubekey/kylin-V10-amd64.iso failed: get file stat failed: stat /root/kubekey/repository/amd64/kylin/V10/kylin-V10-amd64.iso: no such file or directory

[0m[32m[2024-11-18 16:15:18] INFO 16:15:15 CST message: [node1]

[0m[32m[2024-11-18 16:15:18] INFO scp /root/kubekey/repository/amd64/kylin/V10/kylin-V10-amd64.iso to /tmp/kubekey/kylin-V10-amd64.iso failed: get file stat failed: stat /root/kubekey/repository/amd64/kylin/V10/kylin-V10-amd64.iso: no such file or directory

[0m[32m[2024-11-18 16:15:18] INFO 16:15:15 CST failed: [node2]

[0m[32m[2024-11-18 16:15:18] INFO 16:15:15 CST failed: [node1]

[0m[32m[2024-11-18 16:15:18] INFO error: Pipeline[CreateClusterPipeline] execute failed: Module[RepositoryModule] exec failed: 

[0m[32m[2024-11-18 16:15:18] INFO failed: [node2] [SyncRepositoryISOFile] exec failed after 2 retires: scp /root/kubekey/repository/amd64/kylin/V10/kylin-V10-amd64.iso to /tmp/kubekey/kylin-V10-amd64.iso failed: get file stat failed: stat /root/kubekey/repository/amd64/kylin/V10/kylin-V10-amd64.iso: no such file or directory

[0m[32m[2024-11-18 16:15:18] INFO failed: [node1] [SyncRepositoryISOFile] exec failed after 2 retires: scp /root/kubekey/repository/amd64/kylin/V10/kylin-V10-amd64.iso to /tmp/kubekey/kylin-V10-amd64.iso failed: get file stat failed: stat /root/kubekey/repository/amd64/kylin/V10/kylin-V10-amd64.iso: no such file or directory

[0m[31m[2024-11-18 16:15:18] ERROR SSH command execution failed: Process exited with status 1
[0m[31m[2024-11-18 16:30:27] ERROR Failed to create cluster wangcluster: Process exited with status 1
[0m[31m[2024-11-18 16:30:27] ERROR Pipeline Done

[0m[32m[2024-11-18 16:30:27] INFO Method: GET | Path: /api/ws/v1/cluster/create | Status: 200 | Duration: 16m48.6583163s | IP: 127.0.0.1

[0m[32m[2024-11-18 16:30:27] INFO {{0 2024-11-18 16:13:38.7031587 +0800 CST m=+24.518863401 0001-01-01 00:00:00 +0000 UTC {0001-01-01 00:00:00 +0000 UTC false}} example_user 1731918627 /api/ws/v1/cluster/create /api/ws/v1/cluster/create example_module GET No description available for this endpoint.}
[0m