[32m[2024-11-06 09:46:33] INFO Last password change					: never
[0m[32m[2024-11-06 09:46:33] INFO Password expires					: never
[0m[32m[2024-11-06 09:46:33] INFO Password inactive					: never
[0m[32m[2024-11-06 09:46:33] INFO Account expires						: never
[0m[32m[2024-11-06 09:46:33] INFO Minimum number of days between password change		: 0
[0m[32m[2024-11-06 09:46:33] INFO Maximum number of days between password change		: 99999
[0m[32m[2024-11-06 09:46:33] INFO Number of days of warning before password expires	: 7
[0m[32m[2024-11-06 09:46:33] INFO Method: POST | Path: /api/v1/server/checkpassword | Status: 200 | Duration: 3.3154042s | IP: ::1

[0m[32m[2024-11-06 09:46:33] INFO {{0 2024-11-06 09:46:30.6655053 +0800 CST m=+6.182007801 0001-01-01 00:00:00 +0000 UTC {0001-01-01 00:00:00 +0000 UTC false}} example_user 1730857593 /api/v1/server/checkpassword /api/v1/server/checkpassword example_module POST No description available for this endpoint.}
[0m[32m[2024-11-06 09:47:14] INFO [Recovery] 2024/11/06 - 09:47:14 panic recovered:
POST /api/v1/server/checkpassword HTTP/1.1
Host: localhost:8080
Accept: */*
Accept-Encoding: gzip, deflate, br
Connection: keep-alive
Content-Length: 229
Content-Type: application/json
User-Agent: Apifox/1.0.0 (https://apifox.com)


runtime error: invalid memory address or nil pointer dereference
C:/Users/Administrator/gomod/pkg/mod/github.com/gin-gonic/gin@v1.9.1/gin.go:620 (0xbf1d04)
	(*Engine).handleHTTPRequest: c.writermem.WriteHeaderNow()
C:/Users/Administrator/gomod/pkg/mod/github.com/gin-gonic/gin@v1.9.1/gin.go:576 (0xbf1851)
	(*Engine).ServeHTTP: 
C:/Program Files/Go/src/net/http/server.go:3210 (0x8d2d8d)
	serverHandler.ServeHTTP: }
C:/Program Files/Go/src/net/http/server.go:2092 (0x8b22af)
	(*conn).serve: inFlightResponse = nil
C:/Program Files/Go/src/runtime/asm_amd64.s:1700 (0x5b8cc0)
	goexit: CALL	runtime·goexit1(SB)	// does not return
[0m
[0m[32m[2024-11-06 09:47:17] INFO [Recovery] 2024/11/06 - 09:47:17 panic recovered:
POST /api/v1/server/checkpassword HTTP/1.1
Host: localhost:8080
Accept: */*
Accept-Encoding: gzip, deflate, br
Connection: keep-alive
Content-Length: 229
Content-Type: application/json
User-Agent: Apifox/1.0.0 (https://apifox.com)


runtime error: invalid memory address or nil pointer dereference
C:/Users/Administrator/gomod/pkg/mod/github.com/gin-gonic/gin@v1.9.1/gin.go:620 (0xbf1d04)
	(*Engine).handleHTTPRequest: c.writermem.WriteHeaderNow()
C:/Users/Administrator/gomod/pkg/mod/github.com/gin-gonic/gin@v1.9.1/gin.go:576 (0xbf1851)
	(*Engine).ServeHTTP: 
C:/Program Files/Go/src/net/http/server.go:3210 (0x8d2d8d)
	serverHandler.ServeHTTP: }
C:/Program Files/Go/src/net/http/server.go:2092 (0x8b22af)
	(*conn).serve: inFlightResponse = nil
C:/Program Files/Go/src/runtime/asm_amd64.s:1700 (0x5b8cc0)
	goexit: CALL	runtime·goexit1(SB)	// does not return
[0m
[0m[31m[2024-11-06 09:47:40] ERROR Failed to execute command: Process exited with status 1, WARNING: Your password has expired.
Password change required but no TTY available.

[0m[31m[2024-11-06 09:47:40] ERROR Failed to execute command: Process exited with status 1, WARNING: Your password has expired.
Password change required but no TTY available.

[0m[33m[2024-11-06 09:47:40] WARNING Read username failed: Process exited with status 1
[0m[31m[2024-11-06 09:47:40] ERROR Failed to execute command: Process exited with status 1, WARNING: Your password has expired.
Password change required but no TTY available.

[0m[31m[2024-11-06 09:47:40] ERROR Failed to get cpu info: Process exited with status 1
[0m[31m[2024-11-06 09:47:40] ERROR Failed to execute command: Process exited with status 1, WARNING: Your password has expired.
Password change required but no TTY available.

[0m[33m[2024-11-06 09:47:40] WARNING Read username failed: Process exited with status 1
[0m[31m[2024-11-06 09:47:40] ERROR Failed to execute command: Process exited with status 1, WARNING: Your password has expired.
Password change required but no TTY available.

[0m[31m[2024-11-06 09:47:40] ERROR Failed to get cpu cores: Process exited with status 1
[0m[31m[2024-11-06 09:47:40] ERROR Failed to execute command: Process exited with status 1, WARNING: Your password has expired.
Password change required but no TTY available.

[0m[33m[2024-11-06 09:47:40] WARNING Read username failed: Process exited with status 1
[0m[31m[2024-11-06 09:47:40] ERROR Failed to execute command: Process exited with status 1, WARNING: Your password has expired.
Password change required but no TTY available.

[0m[31m[2024-11-06 09:47:40] ERROR Failed to get memory info: Process exited with status 1
[0m[31m[2024-11-06 09:47:40] ERROR Failed to execute command: Process exited with status 1, WARNING: Your password has expired.
Password change required but no TTY available.

[0m[33m[2024-11-06 09:47:40] WARNING Read username failed: Process exited with status 1
[0m[31m[2024-11-06 09:47:40] ERROR Failed to execute command: Process exited with status 1, WARNING: Your password has expired.
Password change required but no TTY available.

[0m[31m[2024-11-06 09:47:40] ERROR Failed to get disk size: Process exited with status 1
[0m[31m[2024-11-06 09:47:40] ERROR Failed to execute command: Process exited with status 1, WARNING: Your password has expired.
Password change required but no TTY available.

[0m[33m[2024-11-06 09:47:40] WARNING Read username failed: Process exited with status 1
[0m[31m[2024-11-06 09:47:40] ERROR Failed to execute command: Process exited with status 1, WARNING: Your password has expired.
Password change required but no TTY available.

[0m[31m[2024-11-06 09:47:40] ERROR Failed to get netcard list: Process exited with status 1
[0m[31m[2024-11-06 09:47:40] ERROR Failed to execute command: Process exited with status 1, WARNING: Your password has expired.
Password change required but no TTY available.

[0m[33m[2024-11-06 09:47:40] WARNING Read username failed: Process exited with status 1
[0m[31m[2024-11-06 09:47:40] ERROR check password failed: failed to execute command: Process exited with status 1
[0m[32m[2024-11-06 09:47:40] INFO [Recovery] 2024/11/06 - 09:47:40 panic recovered:
POST /api/v1/server/checkpassword HTTP/1.1
Host: localhost:8080
Accept: */*
Accept-Encoding: gzip, deflate, br
Connection: keep-alive
Content-Length: 183
Content-Type: application/json
User-Agent: Apifox/1.0.0 (https://apifox.com)


failed to execute command: Process exited with status 1
C:/Users/Administrator/gomod/pkg/mod/github.com/gin-gonic/gin@v1.9.1/gin.go:620 (0xbf1d04)
	(*Engine).handleHTTPRequest: c.writermem.WriteHeaderNow()
C:/Users/Administrator/gomod/pkg/mod/github.com/gin-gonic/gin@v1.9.1/gin.go:576 (0xbf1851)
	(*Engine).ServeHTTP: 
C:/Program Files/Go/src/net/http/server.go:3210 (0x8d2d8d)
	serverHandler.ServeHTTP: }
C:/Program Files/Go/src/net/http/server.go:2092 (0x8b22af)
	(*conn).serve: inFlightResponse = nil
C:/Program Files/Go/src/runtime/asm_amd64.s:1700 (0x5b8cc0)
	goexit: CALL	runtime·goexit1(SB)	// does not return
[0m
[0m