[32m[2024-11-06 10:21:26] INFO [Recovery] 2024/11/06 - 10:21:26 panic recovered:
POST /api/v1/server/updatepassword HTTP/1.1
Host: localhost:8080
Accept: */*
Accept-Encoding: gzip, deflate, br
Connection: keep-alive
Content-Length: 255
Content-Type: application/json
User-Agent: Apifox/1.0.0 (https://apifox.com)


runtime error: invalid memory address or nil pointer dereference
C:/Users/Administrator/gomod/pkg/mod/github.com/gin-gonic/gin@v1.9.1/gin.go:620 (0xd6f089)
	(*Engine).handleHTTPRequest: c.writermem.WriteHeaderNow()
C:/Users/Administrator/gomod/pkg/mod/github.com/gin-gonic/gin@v1.9.1/gin.go:576 (0xd6eb5b)
	(*Engine).ServeHTTP: 
C:/Program Files/Go/src/net/http/server.go:3210 (0x8a8d16)
	serverHandler.ServeHTTP: }
C:/Program Files/Go/src/net/http/server.go:2092 (0x876ff4)
	(*conn).serve: inFlightResponse = nil
C:/Program Files/Go/src/runtime/asm_amd64.s:1700 (0x330d40)
	goexit: CALL	runtime·goexit1(SB)	// does not return
[0m
[0m